2021-03-19 14:37:31 - DEBUG - test
写入成功
2021-03-19 20:30:24 - INFO - 
2021-03-19 20:30:24 - INFO - 
2021-03-19 20:30:24 - INFO - 
2021-03-19 20:30:24 - INFO - 
2021-03-19 20:30:24 - INFO - 
2021-03-19 20:30:24 - WARNING - 保存参数失败，jsonres中没有这个键
2021-03-19 20:30:24 - INFO - 
2021-03-19 20:30:24 - INFO - 
2021-03-19 20:33:18 - INFO - 
2021-03-19 20:33:18 - INFO - 
2021-03-19 20:33:18 - INFO - 
2021-03-19 20:33:18 - INFO - 
2021-03-19 20:33:18 - INFO - 
2021-03-19 20:33:18 - WARNING - 保存参数失败，jsonres中没有这个键
2021-03-19 20:33:18 - INFO - 
2021-03-19 20:33:18 - INFO - 
2021-03-19 20:33:18 - ERROR - 不存在token这个键
2021-03-19 20:33:18 - INFO - 
2021-03-19 20:33:18 - INFO - 
2021-03-19 20:33:18 - INFO - 
2021-03-19 20:33:18 - INFO - 
2021-03-19 20:33:18 - WARNING - 保存参数失败，jsonres中没有token这个键
2021-03-19 20:33:18 - INFO - 
2021-03-19 20:33:18 - INFO - 
2021-03-19 20:33:18 - INFO - 
2021-03-19 20:35:32 - INFO - 
2021-03-19 20:35:32 - INFO - 
2021-03-19 20:35:32 - INFO - 
2021-03-19 20:35:32 - INFO - 
2021-03-19 20:35:32 - INFO - 
2021-03-19 20:35:32 - WARNING - 保存参数失败，jsonres中没有这个键
2021-03-19 20:35:32 - INFO - 
2021-03-19 20:35:32 - INFO - 
2021-03-19 20:35:32 - ERROR - 不存在token这个键
2021-03-19 20:35:32 - INFO - 
2021-03-19 20:35:32 - INFO - 
2021-03-19 20:35:32 - INFO - 
2021-03-19 20:35:32 - INFO - 
2021-03-19 20:35:32 - WARNING - 保存参数失败，jsonres中没有token这个键
2021-03-19 20:35:32 - INFO - 
2021-03-19 20:35:32 - INFO - 
2021-03-19 20:35:32 - INFO - 
2021-03-19 20:39:22 - INFO - 
2021-03-19 20:39:22 - INFO - 
2021-03-19 20:39:22 - INFO - 
2021-03-19 20:39:22 - INFO - 
2021-03-19 20:39:22 - INFO - 
2021-03-19 20:39:22 - WARNING - 保存参数失败，jsonres中没有这个键
2021-03-19 20:39:22 - INFO - 
2021-03-19 20:39:22 - INFO - 
2021-03-19 20:39:22 - ERROR - 不存在token这个键
2021-03-19 20:39:22 - INFO - 
2021-03-19 20:39:22 - INFO - 
2021-03-19 20:39:22 - INFO - 
2021-03-19 20:39:22 - INFO - 
2021-03-19 20:39:22 - WARNING - 保存参数失败，jsonres中没有token这个键
2021-03-19 20:39:22 - INFO - 
2021-03-19 20:39:22 - INFO - 
2021-03-19 20:39:22 - INFO - 
2021-03-19 20:42:21 - INFO - 
2021-03-19 20:42:21 - INFO - 
2021-03-19 20:42:21 - INFO - 
2021-03-19 20:42:21 - INFO - 
2021-03-19 20:42:21 - INFO - 
2021-03-19 20:42:21 - WARNING - 保存参数失败，jsonres中没有这个键
2021-03-19 20:42:21 - INFO - 
2021-03-19 20:42:21 - INFO - 
2021-03-19 20:42:21 - ERROR - 不存在token这个键
2021-03-19 20:42:21 - INFO - 
2021-03-19 20:42:21 - INFO - 
2021-03-19 20:42:21 - INFO - 
2021-03-19 20:42:21 - INFO - 
2021-03-19 20:42:21 - WARNING - 保存参数失败，jsonres中没有token这个键
2021-03-19 20:42:21 - INFO - 
2021-03-19 20:42:21 - INFO - 
2021-03-19 20:42:21 - INFO - 
2021-03-19 20:43:37 - INFO - 
2021-03-19 20:43:37 - INFO - 
2021-03-19 20:43:37 - INFO - 
2021-03-19 20:43:37 - INFO - 
2021-03-19 20:43:37 - INFO - 
2021-03-19 20:43:37 - WARNING - 保存参数失败，jsonres中没有这个键
2021-03-19 20:43:37 - INFO - 
2021-03-19 20:43:37 - INFO - 
2021-03-19 20:43:37 - ERROR - 不存在token这个键
2021-03-19 20:43:37 - INFO - 
2021-03-19 20:43:37 - INFO - 
2021-03-19 20:43:37 - INFO - 
2021-03-19 20:43:37 - INFO - 
2021-03-19 20:43:37 - WARNING - 保存参数失败，jsonres中没有token这个键
2021-03-19 20:43:37 - INFO - 
2021-03-19 20:43:37 - INFO - 
2021-03-19 20:43:37 - INFO - 
2021-03-19 20:49:16 - INFO - 
2021-03-19 20:49:16 - INFO - 
2021-03-19 20:49:16 - INFO - 
2021-03-19 20:49:16 - INFO - 
2021-03-19 20:49:16 - INFO - 
2021-03-19 20:49:16 - WARNING - 保存参数失败，jsonres中没有这个键
2021-03-19 20:49:16 - INFO - 
2021-03-19 20:49:16 - INFO - 
2021-03-19 20:49:16 - ERROR - 不存在token这个键
2021-03-19 20:49:16 - INFO - 
2021-03-19 20:49:16 - INFO - 
2021-03-19 20:49:16 - INFO - 
2021-03-19 20:49:16 - INFO - 
2021-03-19 20:49:16 - WARNING - 保存参数失败，jsonres中没有token这个键
2021-03-19 20:49:16 - INFO - 
2021-03-19 20:49:16 - INFO - 
2021-03-19 20:49:16 - INFO - 
2021-03-19 20:51:28 - INFO - 
2021-03-19 20:51:28 - INFO - 
2021-03-19 20:51:28 - INFO - 
2021-03-19 20:51:28 - INFO - 
2021-03-19 20:51:28 - INFO - 
2021-03-19 20:51:28 - WARNING - 保存参数失败，jsonres中没有这个键
2021-03-19 20:51:28 - INFO - 
2021-03-19 20:51:28 - INFO - 
2021-03-19 20:51:28 - ERROR - 不存在token这个键
2021-03-19 20:51:28 - INFO - 
2021-03-19 20:51:28 - INFO - 
2021-03-19 20:51:28 - INFO - 
2021-03-19 20:51:28 - INFO - 
2021-03-19 20:51:28 - WARNING - 保存参数失败，jsonres中没有token这个键
2021-03-19 20:51:28 - INFO - 
2021-03-19 20:51:28 - INFO - 
2021-03-19 20:51:28 - INFO - 
2021-03-19 20:51:31 - INFO - 
2021-03-19 20:51:31 - INFO - 
2021-03-19 20:51:31 - INFO - 
2021-03-19 20:51:31 - INFO - 
2021-03-19 20:51:31 - INFO - 
2021-03-19 20:51:31 - WARNING - 保存参数失败，jsonres中没有这个键
2021-03-19 20:51:31 - INFO - 
2021-03-19 20:51:31 - INFO - 
2021-03-19 20:51:31 - ERROR - 不存在token这个键
2021-03-19 20:51:31 - INFO - 
2021-03-19 20:51:31 - INFO - 
2021-03-19 20:51:31 - INFO - 
2021-03-19 20:51:31 - INFO - 
2021-03-19 20:51:31 - WARNING - 保存参数失败，jsonres中没有token这个键
2021-03-19 20:51:31 - INFO - 
2021-03-19 20:51:31 - INFO - 
2021-03-19 20:51:31 - INFO - 
2021-03-19 20:52:51 - INFO - 
2021-03-19 20:52:51 - INFO - 
2021-03-19 20:52:51 - INFO - 
2021-03-19 20:52:51 - INFO - 
2021-03-19 20:52:51 - INFO - 
2021-03-19 20:52:51 - WARNING - 保存参数失败，jsonres中没有这个键
2021-03-19 20:52:51 - INFO - 
2021-03-19 20:52:51 - INFO - 
2021-03-19 20:52:51 - ERROR - 不存在token这个键
2021-03-19 20:52:51 - INFO - 
2021-03-19 20:52:51 - INFO - 
2021-03-19 20:52:51 - INFO - 
2021-03-19 20:52:51 - INFO - 
2021-03-19 20:52:51 - WARNING - 保存参数失败，jsonres中没有token这个键
2021-03-19 20:52:51 - INFO - 
2021-03-19 20:52:51 - INFO - 
2021-03-19 20:52:51 - INFO - 
2021-03-19 20:54:17 - INFO - 
2021-03-19 20:54:17 - INFO - 
2021-03-19 20:54:17 - INFO - 
2021-03-19 20:54:17 - INFO - 
2021-03-19 20:54:17 - INFO - 
2021-03-19 20:54:17 - WARNING - 保存参数失败，jsonres中没有这个键
2021-03-19 20:54:17 - INFO - 
2021-03-19 20:54:17 - INFO - 
2021-03-19 20:54:17 - ERROR - 不存在token这个键
2021-03-19 20:54:17 - INFO - 
2021-03-19 20:54:17 - INFO - 
2021-03-19 20:54:17 - INFO - 
2021-03-19 20:54:17 - INFO - 
2021-03-19 20:54:17 - WARNING - 保存参数失败，jsonres中没有token这个键
2021-03-19 20:54:17 - INFO - 
2021-03-19 20:54:17 - INFO - 
2021-03-19 20:54:17 - INFO - 
2021-03-19 20:56:30 - INFO - 
2021-03-19 20:56:30 - INFO - 
2021-03-19 20:56:30 - INFO - 
2021-03-19 20:56:30 - INFO - 
2021-03-19 20:56:30 - INFO - 
2021-03-19 20:56:30 - WARNING - 保存参数失败，jsonres中没有这个键
2021-03-19 20:56:30 - INFO - 
2021-03-19 20:56:30 - INFO - 
2021-03-19 20:56:30 - ERROR - 不存在token这个键
2021-03-19 20:56:30 - INFO - 
2021-03-19 20:56:30 - INFO - 
2021-03-19 20:56:30 - INFO - 
2021-03-19 20:56:30 - INFO - 
2021-03-19 20:56:30 - WARNING - 保存参数失败，jsonres中没有token这个键
2021-03-19 20:56:30 - INFO - 
2021-03-19 20:56:30 - INFO - 
2021-03-19 20:56:30 - INFO - 
2021-03-19 20:57:06 - INFO - 
2021-03-19 20:57:06 - INFO - 
2021-03-19 20:57:06 - INFO - 
2021-03-19 20:57:06 - INFO - 
2021-03-19 20:57:06 - INFO - 
2021-03-19 20:57:06 - WARNING - 保存参数失败，jsonres中没有这个键
2021-03-19 20:57:06 - INFO - 
2021-03-19 20:57:06 - INFO - 
2021-03-19 20:57:06 - ERROR - 不存在token这个键
2021-03-19 20:57:06 - INFO - 
2021-03-19 20:57:06 - INFO - 
2021-03-19 20:57:06 - INFO - 
2021-03-19 20:57:06 - INFO - 
2021-03-19 20:57:06 - WARNING - 保存参数失败，jsonres中没有token这个键
2021-03-19 20:57:06 - INFO - 
2021-03-19 20:57:06 - INFO - 
2021-03-19 20:57:06 - INFO - 
2021-03-19 21:20:06 - WARNING - 配置文件格式错误，请检查：
2021-03-19 21:21:55 - WARNING - 配置文件格式错误，请检查：
2021-03-19 21:24:04 - WARNING - 配置文件格式错误，请检查：
2021-03-19 21:24:04 - INFO - {'mysqluser': 'root', 'mysqlpassword': '123456', 'mysqlport': '3306', 'mysqlhost': '192.168.1.3', 'mysqldb': 'test_project', 'mysqlcharset': 'utf8'}
2021-03-19 21:27:46 - WARNING - 配置文件格式错误，请检查：
2021-03-19 21:27:46 - INFO - {'mysqluser': 'root', 'mysqlpassword': '123456', 'mysqlport': '3306', 'mysqlhost': '192.168.1.3', 'mysqldb': 'test_project', 'mysqlcharset': 'utf8'}
2021-03-19 21:36:51 - WARNING - 配置文件格式错误，请检查：
2021-03-19 21:36:51 - INFO - {'mysqluser': 'root', 'mysqlpassword': '123456', 'mysqlport': '3306', 'mysqlhost': 'localhost', 'mysqldb': 'test_project', 'mysqlcharset': 'utf8'}
2021-03-19 21:36:51 - INFO - 正在恢复../conf/lib/userinfo.sql数据库
2021-03-19 21:39:06 - WARNING - 配置文件格式错误，请检查：
2021-03-19 21:39:06 - INFO - {'mysqluser': 'root', 'mysqlpassword': '123456', 'mysqlport': '3306', 'mysqlhost': 'localhost', 'mysqldb': 'test_project', 'mysqlcharset': 'utf8'}
2021-03-19 21:39:06 - INFO - 正在恢复../conf/lib/userinfo.sql数据库
2021-03-19 21:39:35 - WARNING - 配置文件格式错误，请检查：
2021-03-19 21:39:35 - INFO - {'mysqluser': 'root', 'mysqlpassword': '123456', 'mysqlport': '3306', 'mysqlhost': 'localhost', 'mysqldb': 'test_project', 'mysqlcharset': 'utf8'}
2021-03-19 21:39:35 - INFO - 正在恢复../conf/lib/userinfo.sql数据库
2021-03-20 10:59:00 - WARNING - 参数格式为非可转字典的字符串格式
2021-03-20 11:00:36 - WARNING - 参数格式为非可转字典的字符串格式
2021-03-20 11:01:34 - WARNING - 参数格式为非可转字典的字符串格式
2021-03-20 11:25:40 - INFO - <!doctype html><html lang="en"><head><title>HTTP Status 404 – Not Found</title><style type="text/css">h1 {font-family:Tahoma,Arial,sans-serif;color:white;background-color:#525D76;font-size:22px;} h2 {font-family:Tahoma,Arial,sans-serif;color:white;background-color:#525D76;font-size:16px;} h3 {font-family:Tahoma,Arial,sans-serif;color:white;background-color:#525D76;font-size:14px;} body {font-family:Tahoma,Arial,sans-serif;color:black;background-color:white;} b {font-family:Tahoma,Arial,sans-serif;color:white;background-color:#525D76;} p {font-family:Tahoma,Arial,sans-serif;background:white;color:black;font-size:12px;} a {color:black;} a.name {color:black;} .line {height:1px;background-color:#525D76;border:none;}</style></head><body><h1>HTTP Status 404 – Not Found</h1><hr class="line" /><p><b>Type</b> Status Report</p><p><b>Message</b> /inter/HTTP/auth/auth</p><p><b>Description</b> The origin server did not find a current representation for the target resource or is not willing to disclose that one exists.</p><hr class="line" /><h3>Apache Tomcat/8.5.16</h3></body></html>
2021-03-20 11:25:40 - ERROR - Expecting value: line 1 column 1 (char 0)
Traceback (most recent call last):
  File "D:\program\software\pycharm\Mytestframe\inter\interface.py", line 57, in post
    self.jsonres=json.loads(self.results)
  File "D:\program\software\python\lib\json\__init__.py", line 357, in loads
    return _default_decoder.decode(s)
  File "D:\program\software\python\lib\json\decoder.py", line 337, in decode
    obj, end = self.raw_decode(s, idx=_w(s, 0).end())
  File "D:\program\software\python\lib\json\decoder.py", line 355, in raw_decode
    raise JSONDecodeError("Expecting value", s, err.value) from None
json.decoder.JSONDecodeError: Expecting value: line 1 column 1 (char 0)
2021-03-20 11:25:40 - INFO - <!doctype html><html lang="en"><head><title>HTTP Status 404 – Not Found</title><style type="text/css">h1 {font-family:Tahoma,Arial,sans-serif;color:white;background-color:#525D76;font-size:22px;} h2 {font-family:Tahoma,Arial,sans-serif;color:white;background-color:#525D76;font-size:16px;} h3 {font-family:Tahoma,Arial,sans-serif;color:white;background-color:#525D76;font-size:14px;} body {font-family:Tahoma,Arial,sans-serif;color:black;background-color:white;} b {font-family:Tahoma,Arial,sans-serif;color:white;background-color:#525D76;} p {font-family:Tahoma,Arial,sans-serif;background:white;color:black;font-size:12px;} a {color:black;} a.name {color:black;} .line {height:1px;background-color:#525D76;border:none;}</style></head><body><h1>HTTP Status 404 – Not Found</h1><hr class="line" /><p><b>Type</b> Status Report</p><p><b>Message</b> /inter/HTTP/auth/auth</p><p><b>Description</b> The origin server did not find a current representation for the target resource or is not willing to disclose that one exists.</p><hr class="line" /><h3>Apache Tomcat/8.5.16</h3></body></html>
2021-03-20 11:25:40 - INFO - <!doctype html><html lang="en"><head><title>HTTP Status 404 – Not Found</title><style type="text/css">h1 {font-family:Tahoma,Arial,sans-serif;color:white;background-color:#525D76;font-size:22px;} h2 {font-family:Tahoma,Arial,sans-serif;color:white;background-color:#525D76;font-size:16px;} h3 {font-family:Tahoma,Arial,sans-serif;color:white;background-color:#525D76;font-size:14px;} body {font-family:Tahoma,Arial,sans-serif;color:black;background-color:white;} b {font-family:Tahoma,Arial,sans-serif;color:white;background-color:#525D76;} p {font-family:Tahoma,Arial,sans-serif;background:white;color:black;font-size:12px;} a {color:black;} a.name {color:black;} .line {height:1px;background-color:#525D76;border:none;}</style></head><body><h1>HTTP Status 404 – Not Found</h1><hr class="line" /><p><b>Type</b> Status Report</p><p><b>Message</b> /inter/HTTP/auth/auth/auth</p><p><b>Description</b> The origin server did not find a current representation for the target resource or is not willing to disclose that one exists.</p><hr class="line" /><h3>Apache Tomcat/8.5.16</h3></body></html>
2021-03-20 11:25:40 - ERROR - Expecting value: line 1 column 1 (char 0)
Traceback (most recent call last):
  File "D:\program\software\pycharm\Mytestframe\inter\interface.py", line 57, in post
    self.jsonres=json.loads(self.results)
  File "D:\program\software\python\lib\json\__init__.py", line 357, in loads
    return _default_decoder.decode(s)
  File "D:\program\software\python\lib\json\decoder.py", line 337, in decode
    obj, end = self.raw_decode(s, idx=_w(s, 0).end())
  File "D:\program\software\python\lib\json\decoder.py", line 355, in raw_decode
    raise JSONDecodeError("Expecting value", s, err.value) from None
json.decoder.JSONDecodeError: Expecting value: line 1 column 1 (char 0)
2021-03-20 11:25:40 - INFO - <!doctype html><html lang="en"><head><title>HTTP Status 404 – Not Found</title><style type="text/css">h1 {font-family:Tahoma,Arial,sans-serif;color:white;background-color:#525D76;font-size:22px;} h2 {font-family:Tahoma,Arial,sans-serif;color:white;background-color:#525D76;font-size:16px;} h3 {font-family:Tahoma,Arial,sans-serif;color:white;background-color:#525D76;font-size:14px;} body {font-family:Tahoma,Arial,sans-serif;color:black;background-color:white;} b {font-family:Tahoma,Arial,sans-serif;color:white;background-color:#525D76;} p {font-family:Tahoma,Arial,sans-serif;background:white;color:black;font-size:12px;} a {color:black;} a.name {color:black;} .line {height:1px;background-color:#525D76;border:none;}</style></head><body><h1>HTTP Status 404 – Not Found</h1><hr class="line" /><p><b>Type</b> Status Report</p><p><b>Message</b> /inter/HTTP/auth/auth/auth</p><p><b>Description</b> The origin server did not find a current representation for the target resource or is not willing to disclose that one exists.</p><hr class="line" /><h3>Apache Tomcat/8.5.16</h3></body></html>
2021-03-20 11:25:40 - INFO - <!doctype html><html lang="en"><head><title>HTTP Status 404 – Not Found</title><style type="text/css">h1 {font-family:Tahoma,Arial,sans-serif;color:white;background-color:#525D76;font-size:22px;} h2 {font-family:Tahoma,Arial,sans-serif;color:white;background-color:#525D76;font-size:16px;} h3 {font-family:Tahoma,Arial,sans-serif;color:white;background-color:#525D76;font-size:14px;} body {font-family:Tahoma,Arial,sans-serif;color:black;background-color:white;} b {font-family:Tahoma,Arial,sans-serif;color:white;background-color:#525D76;} p {font-family:Tahoma,Arial,sans-serif;background:white;color:black;font-size:12px;} a {color:black;} a.name {color:black;} .line {height:1px;background-color:#525D76;border:none;}</style></head><body><h1>HTTP Status 404 – Not Found</h1><hr class="line" /><p><b>Type</b> Status Report</p><p><b>Message</b> /inter/HTTP/auth/auth/auth/auth</p><p><b>Description</b> The origin server did not find a current representation for the target resource or is not willing to disclose that one exists.</p><hr class="line" /><h3>Apache Tomcat/8.5.16</h3></body></html>
2021-03-20 11:25:40 - ERROR - Expecting value: line 1 column 1 (char 0)
Traceback (most recent call last):
  File "D:\program\software\pycharm\Mytestframe\inter\interface.py", line 57, in post
    self.jsonres=json.loads(self.results)
  File "D:\program\software\python\lib\json\__init__.py", line 357, in loads
    return _default_decoder.decode(s)
  File "D:\program\software\python\lib\json\decoder.py", line 337, in decode
    obj, end = self.raw_decode(s, idx=_w(s, 0).end())
  File "D:\program\software\python\lib\json\decoder.py", line 355, in raw_decode
    raise JSONDecodeError("Expecting value", s, err.value) from None
json.decoder.JSONDecodeError: Expecting value: line 1 column 1 (char 0)
2021-03-20 11:25:40 - INFO - <!doctype html><html lang="en"><head><title>HTTP Status 404 – Not Found</title><style type="text/css">h1 {font-family:Tahoma,Arial,sans-serif;color:white;background-color:#525D76;font-size:22px;} h2 {font-family:Tahoma,Arial,sans-serif;color:white;background-color:#525D76;font-size:16px;} h3 {font-family:Tahoma,Arial,sans-serif;color:white;background-color:#525D76;font-size:14px;} body {font-family:Tahoma,Arial,sans-serif;color:black;background-color:white;} b {font-family:Tahoma,Arial,sans-serif;color:white;background-color:#525D76;} p {font-family:Tahoma,Arial,sans-serif;background:white;color:black;font-size:12px;} a {color:black;} a.name {color:black;} .line {height:1px;background-color:#525D76;border:none;}</style></head><body><h1>HTTP Status 404 – Not Found</h1><hr class="line" /><p><b>Type</b> Status Report</p><p><b>Message</b> /inter/HTTP/auth/auth/auth/auth</p><p><b>Description</b> The origin server did not find a current representation for the target resource or is not willing to disclose that one exists.</p><hr class="line" /><h3>Apache Tomcat/8.5.16</h3></body></html>
2021-03-20 11:25:40 - INFO - <!doctype html><html lang="en"><head><title>HTTP Status 404 – Not Found</title><style type="text/css">h1 {font-family:Tahoma,Arial,sans-serif;color:white;background-color:#525D76;font-size:22px;} h2 {font-family:Tahoma,Arial,sans-serif;color:white;background-color:#525D76;font-size:16px;} h3 {font-family:Tahoma,Arial,sans-serif;color:white;background-color:#525D76;font-size:14px;} body {font-family:Tahoma,Arial,sans-serif;color:black;background-color:white;} b {font-family:Tahoma,Arial,sans-serif;color:white;background-color:#525D76;} p {font-family:Tahoma,Arial,sans-serif;background:white;color:black;font-size:12px;} a {color:black;} a.name {color:black;} .line {height:1px;background-color:#525D76;border:none;}</style></head><body><h1>HTTP Status 404 – Not Found</h1><hr class="line" /><p><b>Type</b> Status Report</p><p><b>Message</b> /inter/HTTP/auth/auth/auth/auth/auth</p><p><b>Description</b> The origin server did not find a current representation for the target resource or is not willing to disclose that one exists.</p><hr class="line" /><h3>Apache Tomcat/8.5.16</h3></body></html>
2021-03-20 11:25:40 - ERROR - Expecting value: line 1 column 1 (char 0)
Traceback (most recent call last):
  File "D:\program\software\pycharm\Mytestframe\inter\interface.py", line 57, in post
    self.jsonres=json.loads(self.results)
  File "D:\program\software\python\lib\json\__init__.py", line 357, in loads
    return _default_decoder.decode(s)
  File "D:\program\software\python\lib\json\decoder.py", line 337, in decode
    obj, end = self.raw_decode(s, idx=_w(s, 0).end())
  File "D:\program\software\python\lib\json\decoder.py", line 355, in raw_decode
    raise JSONDecodeError("Expecting value", s, err.value) from None
json.decoder.JSONDecodeError: Expecting value: line 1 column 1 (char 0)
2021-03-20 11:25:40 - INFO - <!doctype html><html lang="en"><head><title>HTTP Status 404 – Not Found</title><style type="text/css">h1 {font-family:Tahoma,Arial,sans-serif;color:white;background-color:#525D76;font-size:22px;} h2 {font-family:Tahoma,Arial,sans-serif;color:white;background-color:#525D76;font-size:16px;} h3 {font-family:Tahoma,Arial,sans-serif;color:white;background-color:#525D76;font-size:14px;} body {font-family:Tahoma,Arial,sans-serif;color:black;background-color:white;} b {font-family:Tahoma,Arial,sans-serif;color:white;background-color:#525D76;} p {font-family:Tahoma,Arial,sans-serif;background:white;color:black;font-size:12px;} a {color:black;} a.name {color:black;} .line {height:1px;background-color:#525D76;border:none;}</style></head><body><h1>HTTP Status 404 – Not Found</h1><hr class="line" /><p><b>Type</b> Status Report</p><p><b>Message</b> /inter/HTTP/auth/auth/auth/auth/auth</p><p><b>Description</b> The origin server did not find a current representation for the target resource or is not willing to disclose that one exists.</p><hr class="line" /><h3>Apache Tomcat/8.5.16</h3></body></html>
2021-03-20 11:25:40 - WARNING - 保存参数失败，jsonres中没有这个键
2021-03-20 11:25:40 - INFO - <!doctype html><html lang="en"><head><title>HTTP Status 404 – Not Found</title><style type="text/css">h1 {font-family:Tahoma,Arial,sans-serif;color:white;background-color:#525D76;font-size:22px;} h2 {font-family:Tahoma,Arial,sans-serif;color:white;background-color:#525D76;font-size:16px;} h3 {font-family:Tahoma,Arial,sans-serif;color:white;background-color:#525D76;font-size:14px;} body {font-family:Tahoma,Arial,sans-serif;color:black;background-color:white;} b {font-family:Tahoma,Arial,sans-serif;color:white;background-color:#525D76;} p {font-family:Tahoma,Arial,sans-serif;background:white;color:black;font-size:12px;} a {color:black;} a.name {color:black;} .line {height:1px;background-color:#525D76;border:none;}</style></head><body><h1>HTTP Status 404 – Not Found</h1><hr class="line" /><p><b>Type</b> Status Report</p><p><b>Message</b> /inter/HTTP/auth/auth/auth/auth/auth/auth</p><p><b>Description</b> The origin server did not find a current representation for the target resource or is not willing to disclose that one exists.</p><hr class="line" /><h3>Apache Tomcat/8.5.16</h3></body></html>
2021-03-20 11:25:40 - ERROR - Expecting value: line 1 column 1 (char 0)
Traceback (most recent call last):
  File "D:\program\software\pycharm\Mytestframe\inter\interface.py", line 57, in post
    self.jsonres=json.loads(self.results)
  File "D:\program\software\python\lib\json\__init__.py", line 357, in loads
    return _default_decoder.decode(s)
  File "D:\program\software\python\lib\json\decoder.py", line 337, in decode
    obj, end = self.raw_decode(s, idx=_w(s, 0).end())
  File "D:\program\software\python\lib\json\decoder.py", line 355, in raw_decode
    raise JSONDecodeError("Expecting value", s, err.value) from None
json.decoder.JSONDecodeError: Expecting value: line 1 column 1 (char 0)
2021-03-20 11:25:40 - INFO - <!doctype html><html lang="en"><head><title>HTTP Status 404 – Not Found</title><style type="text/css">h1 {font-family:Tahoma,Arial,sans-serif;color:white;background-color:#525D76;font-size:22px;} h2 {font-family:Tahoma,Arial,sans-serif;color:white;background-color:#525D76;font-size:16px;} h3 {font-family:Tahoma,Arial,sans-serif;color:white;background-color:#525D76;font-size:14px;} body {font-family:Tahoma,Arial,sans-serif;color:black;background-color:white;} b {font-family:Tahoma,Arial,sans-serif;color:white;background-color:#525D76;} p {font-family:Tahoma,Arial,sans-serif;background:white;color:black;font-size:12px;} a {color:black;} a.name {color:black;} .line {height:1px;background-color:#525D76;border:none;}</style></head><body><h1>HTTP Status 404 – Not Found</h1><hr class="line" /><p><b>Type</b> Status Report</p><p><b>Message</b> /inter/HTTP/auth/auth/auth/auth/auth/auth</p><p><b>Description</b> The origin server did not find a current representation for the target resource or is not willing to disclose that one exists.</p><hr class="line" /><h3>Apache Tomcat/8.5.16</h3></body></html>
2021-03-20 11:25:40 - WARNING - 参数格式为非可转字典的字符串格式
2021-03-20 11:25:40 - INFO - <!doctype html><html lang="en"><head><title>HTTP Status 404 – Not Found</title><style type="text/css">h1 {font-family:Tahoma,Arial,sans-serif;color:white;background-color:#525D76;font-size:22px;} h2 {font-family:Tahoma,Arial,sans-serif;color:white;background-color:#525D76;font-size:16px;} h3 {font-family:Tahoma,Arial,sans-serif;color:white;background-color:#525D76;font-size:14px;} body {font-family:Tahoma,Arial,sans-serif;color:black;background-color:white;} b {font-family:Tahoma,Arial,sans-serif;color:white;background-color:#525D76;} p {font-family:Tahoma,Arial,sans-serif;background:white;color:black;font-size:12px;} a {color:black;} a.name {color:black;} .line {height:1px;background-color:#525D76;border:none;}</style></head><body><h1>HTTP Status 404 – Not Found</h1><hr class="line" /><p><b>Type</b> Status Report</p><p><b>Message</b> /inter/HTTP/auth/auth/auth/auth/auth/auth/login</p><p><b>Description</b> The origin server did not find a current representation for the target resource or is not willing to disclose that one exists.</p><hr class="line" /><h3>Apache Tomcat/8.5.16</h3></body></html>
2021-03-20 11:25:40 - ERROR - Expecting value: line 1 column 1 (char 0)
Traceback (most recent call last):
  File "D:\program\software\pycharm\Mytestframe\inter\interface.py", line 57, in post
    self.jsonres=json.loads(self.results)
  File "D:\program\software\python\lib\json\__init__.py", line 357, in loads
    return _default_decoder.decode(s)
  File "D:\program\software\python\lib\json\decoder.py", line 337, in decode
    obj, end = self.raw_decode(s, idx=_w(s, 0).end())
  File "D:\program\software\python\lib\json\decoder.py", line 355, in raw_decode
    raise JSONDecodeError("Expecting value", s, err.value) from None
json.decoder.JSONDecodeError: Expecting value: line 1 column 1 (char 0)
2021-03-20 11:25:40 - INFO - <!doctype html><html lang="en"><head><title>HTTP Status 404 – Not Found</title><style type="text/css">h1 {font-family:Tahoma,Arial,sans-serif;color:white;background-color:#525D76;font-size:22px;} h2 {font-family:Tahoma,Arial,sans-serif;color:white;background-color:#525D76;font-size:16px;} h3 {font-family:Tahoma,Arial,sans-serif;color:white;background-color:#525D76;font-size:14px;} body {font-family:Tahoma,Arial,sans-serif;color:black;background-color:white;} b {font-family:Tahoma,Arial,sans-serif;color:white;background-color:#525D76;} p {font-family:Tahoma,Arial,sans-serif;background:white;color:black;font-size:12px;} a {color:black;} a.name {color:black;} .line {height:1px;background-color:#525D76;border:none;}</style></head><body><h1>HTTP Status 404 – Not Found</h1><hr class="line" /><p><b>Type</b> Status Report</p><p><b>Message</b> /inter/HTTP/auth/auth/auth/auth/auth/auth/login/auth</p><p><b>Description</b> The origin server did not find a current representation for the target resource or is not willing to disclose that one exists.</p><hr class="line" /><h3>Apache Tomcat/8.5.16</h3></body></html>
2021-03-20 11:25:40 - ERROR - Expecting value: line 1 column 1 (char 0)
Traceback (most recent call last):
  File "D:\program\software\pycharm\Mytestframe\inter\interface.py", line 57, in post
    self.jsonres=json.loads(self.results)
  File "D:\program\software\python\lib\json\__init__.py", line 357, in loads
    return _default_decoder.decode(s)
  File "D:\program\software\python\lib\json\decoder.py", line 337, in decode
    obj, end = self.raw_decode(s, idx=_w(s, 0).end())
  File "D:\program\software\python\lib\json\decoder.py", line 355, in raw_decode
    raise JSONDecodeError("Expecting value", s, err.value) from None
json.decoder.JSONDecodeError: Expecting value: line 1 column 1 (char 0)
2021-03-20 11:25:40 - INFO - <!doctype html><html lang="en"><head><title>HTTP Status 404 – Not Found</title><style type="text/css">h1 {font-family:Tahoma,Arial,sans-serif;color:white;background-color:#525D76;font-size:22px;} h2 {font-family:Tahoma,Arial,sans-serif;color:white;background-color:#525D76;font-size:16px;} h3 {font-family:Tahoma,Arial,sans-serif;color:white;background-color:#525D76;font-size:14px;} body {font-family:Tahoma,Arial,sans-serif;color:black;background-color:white;} b {font-family:Tahoma,Arial,sans-serif;color:white;background-color:#525D76;} p {font-family:Tahoma,Arial,sans-serif;background:white;color:black;font-size:12px;} a {color:black;} a.name {color:black;} .line {height:1px;background-color:#525D76;border:none;}</style></head><body><h1>HTTP Status 404 – Not Found</h1><hr class="line" /><p><b>Type</b> Status Report</p><p><b>Message</b> /inter/HTTP/auth/auth/auth/auth/auth/auth/login/auth</p><p><b>Description</b> The origin server did not find a current representation for the target resource or is not willing to disclose that one exists.</p><hr class="line" /><h3>Apache Tomcat/8.5.16</h3></body></html>
2021-03-20 11:25:40 - INFO - <!doctype html><html lang="en"><head><title>HTTP Status 404 – Not Found</title><style type="text/css">h1 {font-family:Tahoma,Arial,sans-serif;color:white;background-color:#525D76;font-size:22px;} h2 {font-family:Tahoma,Arial,sans-serif;color:white;background-color:#525D76;font-size:16px;} h3 {font-family:Tahoma,Arial,sans-serif;color:white;background-color:#525D76;font-size:14px;} body {font-family:Tahoma,Arial,sans-serif;color:black;background-color:white;} b {font-family:Tahoma,Arial,sans-serif;color:white;background-color:#525D76;} p {font-family:Tahoma,Arial,sans-serif;background:white;color:black;font-size:12px;} a {color:black;} a.name {color:black;} .line {height:1px;background-color:#525D76;border:none;}</style></head><body><h1>HTTP Status 404 – Not Found</h1><hr class="line" /><p><b>Type</b> Status Report</p><p><b>Message</b> /inter/HTTP/auth/auth/auth/auth/auth/auth/login/auth/logout</p><p><b>Description</b> The origin server did not find a current representation for the target resource or is not willing to disclose that one exists.</p><hr class="line" /><h3>Apache Tomcat/8.5.16</h3></body></html>
2021-03-20 11:25:40 - ERROR - Expecting value: line 1 column 1 (char 0)
Traceback (most recent call last):
  File "D:\program\software\pycharm\Mytestframe\inter\interface.py", line 57, in post
    self.jsonres=json.loads(self.results)
  File "D:\program\software\python\lib\json\__init__.py", line 357, in loads
    return _default_decoder.decode(s)
  File "D:\program\software\python\lib\json\decoder.py", line 337, in decode
    obj, end = self.raw_decode(s, idx=_w(s, 0).end())
  File "D:\program\software\python\lib\json\decoder.py", line 355, in raw_decode
    raise JSONDecodeError("Expecting value", s, err.value) from None
json.decoder.JSONDecodeError: Expecting value: line 1 column 1 (char 0)
2021-03-20 11:25:40 - ERROR - 不存在token这个键
2021-03-20 11:25:40 - INFO - <!doctype html><html lang="en"><head><title>HTTP Status 404 – Not Found</title><style type="text/css">h1 {font-family:Tahoma,Arial,sans-serif;color:white;background-color:#525D76;font-size:22px;} h2 {font-family:Tahoma,Arial,sans-serif;color:white;background-color:#525D76;font-size:16px;} h3 {font-family:Tahoma,Arial,sans-serif;color:white;background-color:#525D76;font-size:14px;} body {font-family:Tahoma,Arial,sans-serif;color:black;background-color:white;} b {font-family:Tahoma,Arial,sans-serif;color:white;background-color:#525D76;} p {font-family:Tahoma,Arial,sans-serif;background:white;color:black;font-size:12px;} a {color:black;} a.name {color:black;} .line {height:1px;background-color:#525D76;border:none;}</style></head><body><h1>HTTP Status 404 – Not Found</h1><hr class="line" /><p><b>Type</b> Status Report</p><p><b>Message</b> /inter/HTTP/login/login</p><p><b>Description</b> The origin server did not find a current representation for the target resource or is not willing to disclose that one exists.</p><hr class="line" /><h3>Apache Tomcat/8.5.16</h3></body></html>
2021-03-20 11:25:40 - ERROR - Expecting value: line 1 column 1 (char 0)
Traceback (most recent call last):
  File "D:\program\software\pycharm\Mytestframe\inter\interface.py", line 57, in post
    self.jsonres=json.loads(self.results)
  File "D:\program\software\python\lib\json\__init__.py", line 357, in loads
    return _default_decoder.decode(s)
  File "D:\program\software\python\lib\json\decoder.py", line 337, in decode
    obj, end = self.raw_decode(s, idx=_w(s, 0).end())
  File "D:\program\software\python\lib\json\decoder.py", line 355, in raw_decode
    raise JSONDecodeError("Expecting value", s, err.value) from None
json.decoder.JSONDecodeError: Expecting value: line 1 column 1 (char 0)
2021-03-20 11:25:40 - INFO - <!doctype html><html lang="en"><head><title>HTTP Status 404 – Not Found</title><style type="text/css">h1 {font-family:Tahoma,Arial,sans-serif;color:white;background-color:#525D76;font-size:22px;} h2 {font-family:Tahoma,Arial,sans-serif;color:white;background-color:#525D76;font-size:16px;} h3 {font-family:Tahoma,Arial,sans-serif;color:white;background-color:#525D76;font-size:14px;} body {font-family:Tahoma,Arial,sans-serif;color:black;background-color:white;} b {font-family:Tahoma,Arial,sans-serif;color:white;background-color:#525D76;} p {font-family:Tahoma,Arial,sans-serif;background:white;color:black;font-size:12px;} a {color:black;} a.name {color:black;} .line {height:1px;background-color:#525D76;border:none;}</style></head><body><h1>HTTP Status 404 – Not Found</h1><hr class="line" /><p><b>Type</b> Status Report</p><p><b>Message</b> /inter/HTTP/login/login</p><p><b>Description</b> The origin server did not find a current representation for the target resource or is not willing to disclose that one exists.</p><hr class="line" /><h3>Apache Tomcat/8.5.16</h3></body></html>
2021-03-20 11:25:40 - INFO - <!doctype html><html lang="en"><head><title>HTTP Status 404 – Not Found</title><style type="text/css">h1 {font-family:Tahoma,Arial,sans-serif;color:white;background-color:#525D76;font-size:22px;} h2 {font-family:Tahoma,Arial,sans-serif;color:white;background-color:#525D76;font-size:16px;} h3 {font-family:Tahoma,Arial,sans-serif;color:white;background-color:#525D76;font-size:14px;} body {font-family:Tahoma,Arial,sans-serif;color:black;background-color:white;} b {font-family:Tahoma,Arial,sans-serif;color:white;background-color:#525D76;} p {font-family:Tahoma,Arial,sans-serif;background:white;color:black;font-size:12px;} a {color:black;} a.name {color:black;} .line {height:1px;background-color:#525D76;border:none;}</style></head><body><h1>HTTP Status 404 – Not Found</h1><hr class="line" /><p><b>Type</b> Status Report</p><p><b>Message</b> /inter/HTTP/login/login/login</p><p><b>Description</b> The origin server did not find a current representation for the target resource or is not willing to disclose that one exists.</p><hr class="line" /><h3>Apache Tomcat/8.5.16</h3></body></html>
2021-03-20 11:25:40 - ERROR - Expecting value: line 1 column 1 (char 0)
Traceback (most recent call last):
  File "D:\program\software\pycharm\Mytestframe\inter\interface.py", line 57, in post
    self.jsonres=json.loads(self.results)
  File "D:\program\software\python\lib\json\__init__.py", line 357, in loads
    return _default_decoder.decode(s)
  File "D:\program\software\python\lib\json\decoder.py", line 337, in decode
    obj, end = self.raw_decode(s, idx=_w(s, 0).end())
  File "D:\program\software\python\lib\json\decoder.py", line 355, in raw_decode
    raise JSONDecodeError("Expecting value", s, err.value) from None
json.decoder.JSONDecodeError: Expecting value: line 1 column 1 (char 0)
2021-03-20 11:25:40 - INFO - <!doctype html><html lang="en"><head><title>HTTP Status 404 – Not Found</title><style type="text/css">h1 {font-family:Tahoma,Arial,sans-serif;color:white;background-color:#525D76;font-size:22px;} h2 {font-family:Tahoma,Arial,sans-serif;color:white;background-color:#525D76;font-size:16px;} h3 {font-family:Tahoma,Arial,sans-serif;color:white;background-color:#525D76;font-size:14px;} body {font-family:Tahoma,Arial,sans-serif;color:black;background-color:white;} b {font-family:Tahoma,Arial,sans-serif;color:white;background-color:#525D76;} p {font-family:Tahoma,Arial,sans-serif;background:white;color:black;font-size:12px;} a {color:black;} a.name {color:black;} .line {height:1px;background-color:#525D76;border:none;}</style></head><body><h1>HTTP Status 404 – Not Found</h1><hr class="line" /><p><b>Type</b> Status Report</p><p><b>Message</b> /inter/HTTP/login/login/login</p><p><b>Description</b> The origin server did not find a current representation for the target resource or is not willing to disclose that one exists.</p><hr class="line" /><h3>Apache Tomcat/8.5.16</h3></body></html>
2021-03-20 11:25:40 - INFO - <!doctype html><html lang="en"><head><title>HTTP Status 404 – Not Found</title><style type="text/css">h1 {font-family:Tahoma,Arial,sans-serif;color:white;background-color:#525D76;font-size:22px;} h2 {font-family:Tahoma,Arial,sans-serif;color:white;background-color:#525D76;font-size:16px;} h3 {font-family:Tahoma,Arial,sans-serif;color:white;background-color:#525D76;font-size:14px;} body {font-family:Tahoma,Arial,sans-serif;color:black;background-color:white;} b {font-family:Tahoma,Arial,sans-serif;color:white;background-color:#525D76;} p {font-family:Tahoma,Arial,sans-serif;background:white;color:black;font-size:12px;} a {color:black;} a.name {color:black;} .line {height:1px;background-color:#525D76;border:none;}</style></head><body><h1>HTTP Status 404 – Not Found</h1><hr class="line" /><p><b>Type</b> Status Report</p><p><b>Message</b> /inter/HTTP/login/login/login/login</p><p><b>Description</b> The origin server did not find a current representation for the target resource or is not willing to disclose that one exists.</p><hr class="line" /><h3>Apache Tomcat/8.5.16</h3></body></html>
2021-03-20 11:25:40 - ERROR - Expecting value: line 1 column 1 (char 0)
Traceback (most recent call last):
  File "D:\program\software\pycharm\Mytestframe\inter\interface.py", line 57, in post
    self.jsonres=json.loads(self.results)
  File "D:\program\software\python\lib\json\__init__.py", line 357, in loads
    return _default_decoder.decode(s)
  File "D:\program\software\python\lib\json\decoder.py", line 337, in decode
    obj, end = self.raw_decode(s, idx=_w(s, 0).end())
  File "D:\program\software\python\lib\json\decoder.py", line 355, in raw_decode
    raise JSONDecodeError("Expecting value", s, err.value) from None
json.decoder.JSONDecodeError: Expecting value: line 1 column 1 (char 0)
2021-03-20 11:25:40 - INFO - <!doctype html><html lang="en"><head><title>HTTP Status 404 – Not Found</title><style type="text/css">h1 {font-family:Tahoma,Arial,sans-serif;color:white;background-color:#525D76;font-size:22px;} h2 {font-family:Tahoma,Arial,sans-serif;color:white;background-color:#525D76;font-size:16px;} h3 {font-family:Tahoma,Arial,sans-serif;color:white;background-color:#525D76;font-size:14px;} body {font-family:Tahoma,Arial,sans-serif;color:black;background-color:white;} b {font-family:Tahoma,Arial,sans-serif;color:white;background-color:#525D76;} p {font-family:Tahoma,Arial,sans-serif;background:white;color:black;font-size:12px;} a {color:black;} a.name {color:black;} .line {height:1px;background-color:#525D76;border:none;}</style></head><body><h1>HTTP Status 404 – Not Found</h1><hr class="line" /><p><b>Type</b> Status Report</p><p><b>Message</b> /inter/HTTP/login/login/login/login</p><p><b>Description</b> The origin server did not find a current representation for the target resource or is not willing to disclose that one exists.</p><hr class="line" /><h3>Apache Tomcat/8.5.16</h3></body></html>
2021-03-20 11:25:40 - INFO - <!doctype html><html lang="en"><head><title>HTTP Status 404 – Not Found</title><style type="text/css">h1 {font-family:Tahoma,Arial,sans-serif;color:white;background-color:#525D76;font-size:22px;} h2 {font-family:Tahoma,Arial,sans-serif;color:white;background-color:#525D76;font-size:16px;} h3 {font-family:Tahoma,Arial,sans-serif;color:white;background-color:#525D76;font-size:14px;} body {font-family:Tahoma,Arial,sans-serif;color:black;background-color:white;} b {font-family:Tahoma,Arial,sans-serif;color:white;background-color:#525D76;} p {font-family:Tahoma,Arial,sans-serif;background:white;color:black;font-size:12px;} a {color:black;} a.name {color:black;} .line {height:1px;background-color:#525D76;border:none;}</style></head><body><h1>HTTP Status 404 – Not Found</h1><hr class="line" /><p><b>Type</b> Status Report</p><p><b>Message</b> /inter/HTTP/login/login/login/login/auth</p><p><b>Description</b> The origin server did not find a current representation for the target resource or is not willing to disclose that one exists.</p><hr class="line" /><h3>Apache Tomcat/8.5.16</h3></body></html>
2021-03-20 11:25:40 - ERROR - Expecting value: line 1 column 1 (char 0)
Traceback (most recent call last):
  File "D:\program\software\pycharm\Mytestframe\inter\interface.py", line 57, in post
    self.jsonres=json.loads(self.results)
  File "D:\program\software\python\lib\json\__init__.py", line 357, in loads
    return _default_decoder.decode(s)
  File "D:\program\software\python\lib\json\decoder.py", line 337, in decode
    obj, end = self.raw_decode(s, idx=_w(s, 0).end())
  File "D:\program\software\python\lib\json\decoder.py", line 355, in raw_decode
    raise JSONDecodeError("Expecting value", s, err.value) from None
json.decoder.JSONDecodeError: Expecting value: line 1 column 1 (char 0)
2021-03-20 11:25:40 - WARNING - 保存参数失败，jsonres中没有token这个键
2021-03-20 11:25:40 - INFO - <!doctype html><html lang="en"><head><title>HTTP Status 404 – Not Found</title><style type="text/css">h1 {font-family:Tahoma,Arial,sans-serif;color:white;background-color:#525D76;font-size:22px;} h2 {font-family:Tahoma,Arial,sans-serif;color:white;background-color:#525D76;font-size:16px;} h3 {font-family:Tahoma,Arial,sans-serif;color:white;background-color:#525D76;font-size:14px;} body {font-family:Tahoma,Arial,sans-serif;color:black;background-color:white;} b {font-family:Tahoma,Arial,sans-serif;color:white;background-color:#525D76;} p {font-family:Tahoma,Arial,sans-serif;background:white;color:black;font-size:12px;} a {color:black;} a.name {color:black;} .line {height:1px;background-color:#525D76;border:none;}</style></head><body><h1>HTTP Status 404 – Not Found</h1><hr class="line" /><p><b>Type</b> Status Report</p><p><b>Message</b> /inter/HTTP/login/login/login/login/auth/login</p><p><b>Description</b> The origin server did not find a current representation for the target resource or is not willing to disclose that one exists.</p><hr class="line" /><h3>Apache Tomcat/8.5.16</h3></body></html>
2021-03-20 11:25:40 - ERROR - Expecting value: line 1 column 1 (char 0)
Traceback (most recent call last):
  File "D:\program\software\pycharm\Mytestframe\inter\interface.py", line 57, in post
    self.jsonres=json.loads(self.results)
  File "D:\program\software\python\lib\json\__init__.py", line 357, in loads
    return _default_decoder.decode(s)
  File "D:\program\software\python\lib\json\decoder.py", line 337, in decode
    obj, end = self.raw_decode(s, idx=_w(s, 0).end())
  File "D:\program\software\python\lib\json\decoder.py", line 355, in raw_decode
    raise JSONDecodeError("Expecting value", s, err.value) from None
json.decoder.JSONDecodeError: Expecting value: line 1 column 1 (char 0)
2021-03-20 11:25:40 - INFO - <!doctype html><html lang="en"><head><title>HTTP Status 404 – Not Found</title><style type="text/css">h1 {font-family:Tahoma,Arial,sans-serif;color:white;background-color:#525D76;font-size:22px;} h2 {font-family:Tahoma,Arial,sans-serif;color:white;background-color:#525D76;font-size:16px;} h3 {font-family:Tahoma,Arial,sans-serif;color:white;background-color:#525D76;font-size:14px;} body {font-family:Tahoma,Arial,sans-serif;color:black;background-color:white;} b {font-family:Tahoma,Arial,sans-serif;color:white;background-color:#525D76;} p {font-family:Tahoma,Arial,sans-serif;background:white;color:black;font-size:12px;} a {color:black;} a.name {color:black;} .line {height:1px;background-color:#525D76;border:none;}</style></head><body><h1>HTTP Status 404 – Not Found</h1><hr class="line" /><p><b>Type</b> Status Report</p><p><b>Message</b> /inter/HTTP/login/login/login/login/auth/login</p><p><b>Description</b> The origin server did not find a current representation for the target resource or is not willing to disclose that one exists.</p><hr class="line" /><h3>Apache Tomcat/8.5.16</h3></body></html>
2021-03-20 11:25:40 - INFO - <!doctype html><html lang="en"><head><title>HTTP Status 404 – Not Found</title><style type="text/css">h1 {font-family:Tahoma,Arial,sans-serif;color:white;background-color:#525D76;font-size:22px;} h2 {font-family:Tahoma,Arial,sans-serif;color:white;background-color:#525D76;font-size:16px;} h3 {font-family:Tahoma,Arial,sans-serif;color:white;background-color:#525D76;font-size:14px;} body {font-family:Tahoma,Arial,sans-serif;color:black;background-color:white;} b {font-family:Tahoma,Arial,sans-serif;color:white;background-color:#525D76;} p {font-family:Tahoma,Arial,sans-serif;background:white;color:black;font-size:12px;} a {color:black;} a.name {color:black;} .line {height:1px;background-color:#525D76;border:none;}</style></head><body><h1>HTTP Status 404 – Not Found</h1><hr class="line" /><p><b>Type</b> Status Report</p><p><b>Message</b> /inter/HTTP/login/login/login/login/auth/login/login</p><p><b>Description</b> The origin server did not find a current representation for the target resource or is not willing to disclose that one exists.</p><hr class="line" /><h3>Apache Tomcat/8.5.16</h3></body></html>
2021-03-20 11:25:40 - ERROR - Expecting value: line 1 column 1 (char 0)
Traceback (most recent call last):
  File "D:\program\software\pycharm\Mytestframe\inter\interface.py", line 57, in post
    self.jsonres=json.loads(self.results)
  File "D:\program\software\python\lib\json\__init__.py", line 357, in loads
    return _default_decoder.decode(s)
  File "D:\program\software\python\lib\json\decoder.py", line 337, in decode
    obj, end = self.raw_decode(s, idx=_w(s, 0).end())
  File "D:\program\software\python\lib\json\decoder.py", line 355, in raw_decode
    raise JSONDecodeError("Expecting value", s, err.value) from None
json.decoder.JSONDecodeError: Expecting value: line 1 column 1 (char 0)
2021-03-20 11:25:40 - INFO - <!doctype html><html lang="en"><head><title>HTTP Status 404 – Not Found</title><style type="text/css">h1 {font-family:Tahoma,Arial,sans-serif;color:white;background-color:#525D76;font-size:22px;} h2 {font-family:Tahoma,Arial,sans-serif;color:white;background-color:#525D76;font-size:16px;} h3 {font-family:Tahoma,Arial,sans-serif;color:white;background-color:#525D76;font-size:14px;} body {font-family:Tahoma,Arial,sans-serif;color:black;background-color:white;} b {font-family:Tahoma,Arial,sans-serif;color:white;background-color:#525D76;} p {font-family:Tahoma,Arial,sans-serif;background:white;color:black;font-size:12px;} a {color:black;} a.name {color:black;} .line {height:1px;background-color:#525D76;border:none;}</style></head><body><h1>HTTP Status 404 – Not Found</h1><hr class="line" /><p><b>Type</b> Status Report</p><p><b>Message</b> /inter/HTTP/login/login/login/login/auth/login/login</p><p><b>Description</b> The origin server did not find a current representation for the target resource or is not willing to disclose that one exists.</p><hr class="line" /><h3>Apache Tomcat/8.5.16</h3></body></html>
2021-03-20 11:25:40 - INFO - <!doctype html><html lang="en"><head><title>HTTP Status 404 – Not Found</title><style type="text/css">h1 {font-family:Tahoma,Arial,sans-serif;color:white;background-color:#525D76;font-size:22px;} h2 {font-family:Tahoma,Arial,sans-serif;color:white;background-color:#525D76;font-size:16px;} h3 {font-family:Tahoma,Arial,sans-serif;color:white;background-color:#525D76;font-size:14px;} body {font-family:Tahoma,Arial,sans-serif;color:black;background-color:white;} b {font-family:Tahoma,Arial,sans-serif;color:white;background-color:#525D76;} p {font-family:Tahoma,Arial,sans-serif;background:white;color:black;font-size:12px;} a {color:black;} a.name {color:black;} .line {height:1px;background-color:#525D76;border:none;}</style></head><body><h1>HTTP Status 404 – Not Found</h1><hr class="line" /><p><b>Type</b> Status Report</p><p><b>Message</b> /inter/HTTP/login/login/login/login/auth/login/login/login</p><p><b>Description</b> The origin server did not find a current representation for the target resource or is not willing to disclose that one exists.</p><hr class="line" /><h3>Apache Tomcat/8.5.16</h3></body></html>
2021-03-20 11:25:40 - ERROR - Expecting value: line 1 column 1 (char 0)
Traceback (most recent call last):
  File "D:\program\software\pycharm\Mytestframe\inter\interface.py", line 57, in post
    self.jsonres=json.loads(self.results)
  File "D:\program\software\python\lib\json\__init__.py", line 357, in loads
    return _default_decoder.decode(s)
  File "D:\program\software\python\lib\json\decoder.py", line 337, in decode
    obj, end = self.raw_decode(s, idx=_w(s, 0).end())
  File "D:\program\software\python\lib\json\decoder.py", line 355, in raw_decode
    raise JSONDecodeError("Expecting value", s, err.value) from None
json.decoder.JSONDecodeError: Expecting value: line 1 column 1 (char 0)
2021-03-20 11:25:40 - INFO - <!doctype html><html lang="en"><head><title>HTTP Status 404 – Not Found</title><style type="text/css">h1 {font-family:Tahoma,Arial,sans-serif;color:white;background-color:#525D76;font-size:22px;} h2 {font-family:Tahoma,Arial,sans-serif;color:white;background-color:#525D76;font-size:16px;} h3 {font-family:Tahoma,Arial,sans-serif;color:white;background-color:#525D76;font-size:14px;} body {font-family:Tahoma,Arial,sans-serif;color:black;background-color:white;} b {font-family:Tahoma,Arial,sans-serif;color:white;background-color:#525D76;} p {font-family:Tahoma,Arial,sans-serif;background:white;color:black;font-size:12px;} a {color:black;} a.name {color:black;} .line {height:1px;background-color:#525D76;border:none;}</style></head><body><h1>HTTP Status 404 – Not Found</h1><hr class="line" /><p><b>Type</b> Status Report</p><p><b>Message</b> /inter/HTTP/login/login/login/login/auth/login/login/login</p><p><b>Description</b> The origin server did not find a current representation for the target resource or is not willing to disclose that one exists.</p><hr class="line" /><h3>Apache Tomcat/8.5.16</h3></body></html>
2021-03-20 11:25:40 - INFO - <!doctype html><html lang="en"><head><title>HTTP Status 404 – Not Found</title><style type="text/css">h1 {font-family:Tahoma,Arial,sans-serif;color:white;background-color:#525D76;font-size:22px;} h2 {font-family:Tahoma,Arial,sans-serif;color:white;background-color:#525D76;font-size:16px;} h3 {font-family:Tahoma,Arial,sans-serif;color:white;background-color:#525D76;font-size:14px;} body {font-family:Tahoma,Arial,sans-serif;color:black;background-color:white;} b {font-family:Tahoma,Arial,sans-serif;color:white;background-color:#525D76;} p {font-family:Tahoma,Arial,sans-serif;background:white;color:black;font-size:12px;} a {color:black;} a.name {color:black;} .line {height:1px;background-color:#525D76;border:none;}</style></head><body><h1>HTTP Status 404 – Not Found</h1><hr class="line" /><p><b>Type</b> Status Report</p><p><b>Message</b> /inter/HTTP/login/login/login/login/auth/login/login/login/logout</p><p><b>Description</b> The origin server did not find a current representation for the target resource or is not willing to disclose that one exists.</p><hr class="line" /><h3>Apache Tomcat/8.5.16</h3></body></html>
2021-03-20 11:25:40 - ERROR - Expecting value: line 1 column 1 (char 0)
Traceback (most recent call last):
  File "D:\program\software\pycharm\Mytestframe\inter\interface.py", line 57, in post
    self.jsonres=json.loads(self.results)
  File "D:\program\software\python\lib\json\__init__.py", line 357, in loads
    return _default_decoder.decode(s)
  File "D:\program\software\python\lib\json\decoder.py", line 337, in decode
    obj, end = self.raw_decode(s, idx=_w(s, 0).end())
  File "D:\program\software\python\lib\json\decoder.py", line 355, in raw_decode
    raise JSONDecodeError("Expecting value", s, err.value) from None
json.decoder.JSONDecodeError: Expecting value: line 1 column 1 (char 0)
